1744970338673	geckodriver	INFO	Listening on 127.0.0.1:51909
1744970338767	mozrunner::runner	INFO	Running command: MOZ_CRASHREPORTER="1" MOZ_CRASHREPORTER_NO_REPORT="1" MOZ_CRASHREPORTER_SHUTDOWN="1" "/Applications/Firefox. ... s" "localhost" "-foreground" "-no-remote" "-profile" "/var/folders/7g/gpgwj2w95hj9cp8hwsxnwbg8xxyszk/T/rust_mozprofileOW02Mo"
console.warn: services.settings: Ignoring preference override of remote settings server
console.warn: services.settings: Allow by setting MOZ_REMOTE_SETTINGS_DEVTOOLS=1 in the environment
1744970339379	Marionette	INFO	Marionette enabled
console.error: "Warning: unrecognized command line flag" "-width"
console.error: "Warning: unrecognized command line flag" "-height"
console.error: "Warning: unrecognized command line flag" "-remote-allow-hosts"
1744970341750	Marionette	INFO	Listening on port 51980
WebDriver BiDi listening on ws://127.0.0.1:51910
Read port: 51980
1744970342217	RemoteAgent	WARN	TLS certificate errors will be ignored for this session
console.warn: LoginRecipes: "Falling back to a synchronous message for: https://identity.hudl.com."
console.warn: LoginRecipes: "Falling back to a synchronous message for: https://identity.hudl.com."
console.warn: LoginRecipes: "Falling back to a synchronous message for: https://identity.hudl.com."
console.warn: LoginRecipes: "Falling back to a synchronous message for: https://identity.hudl.com."
1744970350808	Marionette	INFO	Stopped listening on port 51980
console.error: Policies: 
  Incompatible add-on - https://releases.mozilla.org/pub/firefox/releases/133.0.3/mac/xpi/es-ES.xpi
1744970352314	geckodriver	INFO	Listening on 127.0.0.1:52127
1744970352840	mozrunner::runner	INFO	Running command: MOZ_CRASHREPORTER="1" MOZ_CRASHREPORTER_NO_REPORT="1" MOZ_CRASHREPORTER_SHUTDOWN="1" "/Applications/Firefox. ... s" "localhost" "-foreground" "-no-remote" "-profile" "/var/folders/7g/gpgwj2w95hj9cp8hwsxnwbg8xxyszk/T/rust_mozprofilevSs5yD"
console.warn: services.settings: Ignoring preference override of remote settings server
console.warn: services.settings: Allow by setting MOZ_REMOTE_SETTINGS_DEVTOOLS=1 in the environment
1744970353280	Marionette	INFO	Marionette enabled
console.error: "Warning: unrecognized command line flag" "-width"
console.error: "Warning: unrecognized command line flag" "-height"
console.error: "Warning: unrecognized command line flag" "-remote-allow-hosts"
1744970353789	Marionette	INFO	Listening on port 52144
WebDriver BiDi listening on ws://127.0.0.1:52128
Read port: 52144
1744970354159	RemoteAgent	WARN	TLS certificate errors will be ignored for this session
JavaScript error: https://cdn.cookielaw.org/scripttemplates/202401.2.0/otBannerSdk.js, line 7: TypeError: w.bannerGroup is undefined
console.warn: LoginRecipes: "Falling back to a synchronous message for: https://identity.hudl.com."
console.warn: LoginRecipes: "Falling back to a synchronous message for: https://identity.hudl.com."
console.warn: LoginRecipes: "Falling back to a synchronous message for: https://identity.hudl.com."
console.warn: LoginRecipes: "Falling back to a synchronous message for: https://identity.hudl.com."
1744970361868	Marionette	INFO	Stopped listening on port 52144
console.error: Policies: 
  Incompatible add-on - https://releases.mozilla.org/pub/firefox/releases/133.0.3/mac/xpi/es-ES.xpi
1744970363246	geckodriver	INFO	Listening on 127.0.0.1:52237
1744970363774	mozrunner::runner	INFO	Running command: MOZ_CRASHREPORTER="1" MOZ_CRASHREPORTER_NO_REPORT="1" MOZ_CRASHREPORTER_SHUTDOWN="1" "/Applications/Firefox. ... s" "localhost" "-foreground" "-no-remote" "-profile" "/var/folders/7g/gpgwj2w95hj9cp8hwsxnwbg8xxyszk/T/rust_mozprofile3KGH7Z"
console.warn: services.settings: Ignoring preference override of remote settings server
console.warn: services.settings: Allow by setting MOZ_REMOTE_SETTINGS_DEVTOOLS=1 in the environment
1744970364209	Marionette	INFO	Marionette enabled
console.error: "Warning: unrecognized command line flag" "-width"
console.error: "Warning: unrecognized command line flag" "-height"
console.error: "Warning: unrecognized command line flag" "-remote-allow-hosts"
1744970364728	Marionette	INFO	Listening on port 52254
WebDriver BiDi listening on ws://127.0.0.1:52238
Read port: 52254
1744970365157	RemoteAgent	WARN	TLS certificate errors will be ignored for this session
JavaScript error: https://cdn.cookielaw.org/scripttemplates/202401.2.0/otBannerSdk.js, line 7: TypeError: r is undefined
console.warn: LoginRecipes: "Falling back to a synchronous message for: https://identity.hudl.com."
console.warn: LoginRecipes: "Falling back to a synchronous message for: https://identity.hudl.com."
console.warn: LoginRecipes: "Falling back to a synchronous message for: https://identity.hudl.com."
console.warn: LoginRecipes: "Falling back to a synchronous message for: https://identity.hudl.com."
1744970372248	Marionette	INFO	Stopped listening on port 52254
console.error: Policies: 
  Incompatible add-on - https://releases.mozilla.org/pub/firefox/releases/133.0.3/mac/xpi/es-ES.xpi
1744970373647	geckodriver	INFO	Listening on 127.0.0.1:52341
1744970374165	mozrunner::runner	INFO	Running command: MOZ_CRASHREPORTER="1" MOZ_CRASHREPORTER_NO_REPORT="1" MOZ_CRASHREPORTER_SHUTDOWN="1" "/Applications/Firefox. ... s" "localhost" "-foreground" "-no-remote" "-profile" "/var/folders/7g/gpgwj2w95hj9cp8hwsxnwbg8xxyszk/T/rust_mozprofile0Bu0Bq"
console.warn: services.settings: Ignoring preference override of remote settings server
console.warn: services.settings: Allow by setting MOZ_REMOTE_SETTINGS_DEVTOOLS=1 in the environment
1744970374644	Marionette	INFO	Marionette enabled
console.error: "Warning: unrecognized command line flag" "-width"
console.error: "Warning: unrecognized command line flag" "-height"
console.error: "Warning: unrecognized command line flag" "-remote-allow-hosts"
1744970375206	Marionette	INFO	Listening on port 52357
WebDriver BiDi listening on ws://127.0.0.1:52342
Read port: 52357
1744970375674	RemoteAgent	WARN	TLS certificate errors will be ignored for this session
console.warn: LoginRecipes: "Falling back to a synchronous message for: https://identity.hudl.com."
console.warn: LoginRecipes: "Falling back to a synchronous message for: https://identity.hudl.com."
1744970382892	Marionette	INFO	Stopped listening on port 52357
console.error: Policies: 
  Incompatible add-on - https://releases.mozilla.org/pub/firefox/releases/133.0.3/mac/xpi/es-ES.xpi
1744970384243	geckodriver	INFO	Listening on 127.0.0.1:52452
1744970384762	mozrunner::runner	INFO	Running command: MOZ_CRASHREPORTER="1" MOZ_CRASHREPORTER_NO_REPORT="1" MOZ_CRASHREPORTER_SHUTDOWN="1" "/Applications/Firefox. ... s" "localhost" "-foreground" "-no-remote" "-profile" "/var/folders/7g/gpgwj2w95hj9cp8hwsxnwbg8xxyszk/T/rust_mozprofileDQQPEz"
console.warn: services.settings: Ignoring preference override of remote settings server
console.warn: services.settings: Allow by setting MOZ_REMOTE_SETTINGS_DEVTOOLS=1 in the environment
1744970385228	Marionette	INFO	Marionette enabled
console.error: "Warning: unrecognized command line flag" "-width"
console.error: "Warning: unrecognized command line flag" "-height"
console.error: "Warning: unrecognized command line flag" "-remote-allow-hosts"
1744970385962	Marionette	INFO	Listening on port 52468
Read port: 52468
WebDriver BiDi listening on ws://127.0.0.1:52453
1744970386063	RemoteAgent	WARN	TLS certificate errors will be ignored for this session
1744970403496	Marionette	INFO	Stopped listening on port 52468
console.error: Policies: 
  Incompatible add-on - https://releases.mozilla.org/pub/firefox/releases/133.0.3/mac/xpi/es-ES.xpi
1744970814341	geckodriver	INFO	Listening on 127.0.0.1:54478
1744970814864	mozrunner::runner	INFO	Running command: MOZ_CRASHREPORTER="1" MOZ_CRASHREPORTER_NO_REPORT="1" MOZ_CRASHREPORTER_SHUTDOWN="1" "/Applications/Firefox. ... s" "localhost" "-foreground" "-no-remote" "-profile" "/var/folders/7g/gpgwj2w95hj9cp8hwsxnwbg8xxyszk/T/rust_mozprofileD0hCYN"
console.warn: services.settings: Ignoring preference override of remote settings server
console.warn: services.settings: Allow by setting MOZ_REMOTE_SETTINGS_DEVTOOLS=1 in the environment
1744970815401	Marionette	INFO	Marionette enabled
console.error: "Warning: unrecognized command line flag" "-width"
console.error: "Warning: unrecognized command line flag" "-height"
console.error: "Warning: unrecognized command line flag" "-remote-allow-hosts"
1744970816089	Marionette	INFO	Listening on port 54497
WebDriver BiDi listening on ws://127.0.0.1:54479
Read port: 54497
1744970816722	RemoteAgent	WARN	TLS certificate errors will be ignored for this session
JavaScript error: https://cdn.cookielaw.org/scripttemplates/202401.2.0/otBannerSdk.js, line 7: TypeError: r is undefined
console.warn: LoginRecipes: "Falling back to a synchronous message for: https://identity.hudl.com."
console.warn: LoginRecipes: "Falling back to a synchronous message for: https://identity.hudl.com."
console.warn: LoginRecipes: "Falling back to a synchronous message for: https://identity.hudl.com."
console.warn: LoginRecipes: "Falling back to a synchronous message for: https://identity.hudl.com."
1744970824655	Marionette	INFO	Stopped listening on port 54497
console.error: Policies: 
  Incompatible add-on - https://releases.mozilla.org/pub/firefox/releases/133.0.3/mac/xpi/es-ES.xpi
1744970826227	geckodriver	INFO	Listening on 127.0.0.1:54587
1744970826742	mozrunner::runner	INFO	Running command: MOZ_CRASHREPORTER="1" MOZ_CRASHREPORTER_NO_REPORT="1" MOZ_CRASHREPORTER_SHUTDOWN="1" "/Applications/Firefox. ... s" "localhost" "-foreground" "-no-remote" "-profile" "/var/folders/7g/gpgwj2w95hj9cp8hwsxnwbg8xxyszk/T/rust_mozprofilebD3HvY"
console.warn: services.settings: Ignoring preference override of remote settings server
console.warn: services.settings: Allow by setting MOZ_REMOTE_SETTINGS_DEVTOOLS=1 in the environment
1744970827207	Marionette	INFO	Marionette enabled
console.error: "Warning: unrecognized command line flag" "-width"
console.error: "Warning: unrecognized command line flag" "-height"
console.error: "Warning: unrecognized command line flag" "-remote-allow-hosts"
1744970827792	Marionette	INFO	Listening on port 54605
WebDriver BiDi listening on ws://127.0.0.1:54588
Read port: 54605
1744970828031	RemoteAgent	WARN	TLS certificate errors will be ignored for this session
console.warn: LoginRecipes: "Falling back to a synchronous message for: https://identity.hudl.com."
console.warn: LoginRecipes: "Falling back to a synchronous message for: https://identity.hudl.com."
console.warn: LoginRecipes: "Falling back to a synchronous message for: https://identity.hudl.com."
console.warn: LoginRecipes: "Falling back to a synchronous message for: https://identity.hudl.com."
1744970835826	Marionette	INFO	Stopped listening on port 54605
console.error: Policies: 
  Incompatible add-on - https://releases.mozilla.org/pub/firefox/releases/133.0.3/mac/xpi/es-ES.xpi
1744970837764	geckodriver	INFO	Listening on 127.0.0.1:54703
1744970838284	mozrunner::runner	INFO	Running command: MOZ_CRASHREPORTER="1" MOZ_CRASHREPORTER_NO_REPORT="1" MOZ_CRASHREPORTER_SHUTDOWN="1" "/Applications/Firefox. ... s" "localhost" "-foreground" "-no-remote" "-profile" "/var/folders/7g/gpgwj2w95hj9cp8hwsxnwbg8xxyszk/T/rust_mozprofileGIYM0t"
console.warn: services.settings: Ignoring preference override of remote settings server
console.warn: services.settings: Allow by setting MOZ_REMOTE_SETTINGS_DEVTOOLS=1 in the environment
1744970838884	Marionette	INFO	Marionette enabled
console.error: "Warning: unrecognized command line flag" "-width"
console.error: "Warning: unrecognized command line flag" "-height"
console.error: "Warning: unrecognized command line flag" "-remote-allow-hosts"
1744970839929	Marionette	INFO	Listening on port 54723
WebDriver BiDi listening on ws://127.0.0.1:54704
Read port: 54723
1744970840430	RemoteAgent	WARN	TLS certificate errors will be ignored for this session
console.warn: LoginRecipes: "Falling back to a synchronous message for: https://identity.hudl.com."
console.warn: LoginRecipes: "Falling back to a synchronous message for: https://identity.hudl.com."
console.warn: LoginRecipes: "Falling back to a synchronous message for: https://identity.hudl.com."
console.warn: LoginRecipes: "Falling back to a synchronous message for: https://identity.hudl.com."
1744970848011	Marionette	INFO	Stopped listening on port 54723
console.error: Policies: 
  Incompatible add-on - https://releases.mozilla.org/pub/firefox/releases/133.0.3/mac/xpi/es-ES.xpi
1744970849412	geckodriver	INFO	Listening on 127.0.0.1:54827
1744970849937	mozrunner::runner	INFO	Running command: MOZ_CRASHREPORTER="1" MOZ_CRASHREPORTER_NO_REPORT="1" MOZ_CRASHREPORTER_SHUTDOWN="1" "/Applications/Firefox. ... s" "localhost" "-foreground" "-no-remote" "-profile" "/var/folders/7g/gpgwj2w95hj9cp8hwsxnwbg8xxyszk/T/rust_mozprofileaXQF2T"
console.warn: services.settings: Ignoring preference override of remote settings server
console.warn: services.settings: Allow by setting MOZ_REMOTE_SETTINGS_DEVTOOLS=1 in the environment
1744970850368	Marionette	INFO	Marionette enabled
console.error: "Warning: unrecognized command line flag" "-width"
console.error: "Warning: unrecognized command line flag" "-height"
console.error: "Warning: unrecognized command line flag" "-remote-allow-hosts"
1744970850916	Marionette	INFO	Listening on port 54845
WebDriver BiDi listening on ws://127.0.0.1:54828
Read port: 54845
1744970851357	RemoteAgent	WARN	TLS certificate errors will be ignored for this session
JavaScript error: https://cdn.cookielaw.org/scripttemplates/202401.2.0/otBannerSdk.js, line 7: TypeError: r is undefined
console.warn: LoginRecipes: "Falling back to a synchronous message for: https://identity.hudl.com."
console.warn: LoginRecipes: "Falling back to a synchronous message for: https://identity.hudl.com."
1744970857431	Marionette	INFO	Stopped listening on port 54845
console.error: Policies: 
  Incompatible add-on - https://releases.mozilla.org/pub/firefox/releases/133.0.3/mac/xpi/es-ES.xpi
1744970858930	geckodriver	INFO	Listening on 127.0.0.1:54930
1744970859450	mozrunner::runner	INFO	Running command: MOZ_CRASHREPORTER="1" MOZ_CRASHREPORTER_NO_REPORT="1" MOZ_CRASHREPORTER_SHUTDOWN="1" "/Applications/Firefox. ... s" "localhost" "-foreground" "-no-remote" "-profile" "/var/folders/7g/gpgwj2w95hj9cp8hwsxnwbg8xxyszk/T/rust_mozprofileNmDtgc"
console.warn: services.settings: Ignoring preference override of remote settings server
console.warn: services.settings: Allow by setting MOZ_REMOTE_SETTINGS_DEVTOOLS=1 in the environment
1744970859915	Marionette	INFO	Marionette enabled
console.error: "Warning: unrecognized command line flag" "-width"
console.error: "Warning: unrecognized command line flag" "-height"
console.error: "Warning: unrecognized command line flag" "-remote-allow-hosts"
1744970860518	Marionette	INFO	Listening on port 54947
WebDriver BiDi listening on ws://127.0.0.1:54931
Read port: 54947
1744970860961	RemoteAgent	WARN	TLS certificate errors will be ignored for this session
JavaScript error: https://cdn.cookielaw.org/scripttemplates/202401.2.0/otBannerSdk.js, line 7: TypeError: r is undefined
JavaScript error: resource://gre/actors/PictureInPictureChild.sys.mjs, line 377: TypeError: can't access dead object
1744970877059	Marionette	INFO	Stopped listening on port 54947
console.error: Policies: 
  Incompatible add-on - https://releases.mozilla.org/pub/firefox/releases/133.0.3/mac/xpi/es-ES.xpi
